2024-11-22 10:32:38,897 - WARNING - No data available for 2022-2023, May
2024-11-22 10:32:39,390 - WARNING - No data available for 2022-2023, June
2024-11-22 10:32:39,848 - WARNING - No data available for 2022-2023, July
2024-11-22 10:32:40,333 - WARNING - No data available for 2022-2023, August
2024-11-22 10:32:40,697 - WARNING - No data available for 2022-2023, September
2024-11-22 10:32:41,128 - WARNING - No data available for 2022-2023, October
2024-11-22 10:32:41,608 - WARNING - No data available for 2022-2023, November
2024-11-22 10:32:41,902 - WARNING - No data available for 2022-2023, December
2024-11-22 10:32:42,461 - WARNING - No data available for 2022-2023, January
2024-11-22 10:32:42,764 - WARNING - No data available for 2022-2023, February
2024-11-22 10:32:43,197 - WARNING - No data available for 2022-2023, March
2024-11-22 10:32:43,434 - WARNING - No data available for 2022-2023, April
2024-11-22 10:32:43,689 - WARNING - No data available for 2023-2024, May
2024-11-22 10:33:07,487 - ERROR - Database error: 1146 (42S02): Table 'webappor_AFDW.student_attendance' doesn't exist
2024-11-22 10:33:07,487 - INFO - Data extracted for 2023-2024, June
2024-11-22 10:33:32,644 - ERROR - Database error: 1146 (42S02): Table 'webappor_AFDW.student_attendance' doesn't exist
2024-11-22 10:33:32,645 - INFO - Data extracted for 2023-2024, July
2024-11-22 10:33:54,779 - ERROR - Database error: 1146 (42S02): Table 'webappor_AFDW.student_attendance' doesn't exist
2024-11-22 10:33:54,781 - INFO - Data extracted for 2023-2024, August
2024-11-22 10:34:19,917 - ERROR - Database error: 1146 (42S02): Table 'webappor_AFDW.student_attendance' doesn't exist
2024-11-22 10:34:19,917 - INFO - Data extracted for 2023-2024, September
2024-11-22 10:34:44,992 - ERROR - Database error: 1146 (42S02): Table 'webappor_AFDW.student_attendance' doesn't exist
2024-11-22 10:34:44,992 - INFO - Data extracted for 2023-2024, October
2024-11-22 10:35:10,011 - ERROR - Database error: 1146 (42S02): Table 'webappor_AFDW.student_attendance' doesn't exist
2024-11-22 10:35:10,011 - INFO - Data extracted for 2023-2024, November
2024-11-22 10:35:35,034 - ERROR - Database error: 1146 (42S02): Table 'webappor_AFDW.student_attendance' doesn't exist
2024-11-22 10:35:35,035 - INFO - Data extracted for 2023-2024, December
2024-11-22 10:35:58,109 - ERROR - Database error: 1146 (42S02): Table 'webappor_AFDW.student_attendance' doesn't exist
2024-11-22 10:35:58,110 - INFO - Data extracted for 2023-2024, January
2024-11-22 10:36:22,925 - ERROR - Database error: 1146 (42S02): Table 'webappor_AFDW.student_attendance' doesn't exist
2024-11-22 10:36:22,926 - INFO - Data extracted for 2023-2024, February
2024-11-22 10:39:50,586 - WARNING - No data available for 2022-2023, May
2024-11-22 10:39:51,072 - WARNING - No data available for 2022-2023, June
2024-11-22 10:39:51,320 - WARNING - No data available for 2022-2023, July
2024-11-22 10:39:51,582 - WARNING - No data available for 2022-2023, August
2024-11-22 10:39:51,913 - WARNING - No data available for 2022-2023, September
2024-11-22 10:39:52,181 - WARNING - No data available for 2022-2023, October
2024-11-22 10:39:52,439 - WARNING - No data available for 2022-2023, November
2024-11-22 10:39:52,699 - WARNING - No data available for 2022-2023, December
2024-11-22 10:39:53,044 - WARNING - No data available for 2022-2023, January
2024-11-22 10:39:53,352 - WARNING - No data available for 2022-2023, February
2024-11-22 10:39:53,669 - WARNING - No data available for 2022-2023, March
2024-11-22 10:39:53,931 - WARNING - No data available for 2022-2023, April
2024-11-22 10:39:54,259 - WARNING - No data available for 2023-2024, May
2024-11-22 10:40:22,765 - INFO - Inserted 7531 records into the database.
2024-11-22 10:40:22,766 - INFO - Data extracted for 2023-2024, June
2024-11-22 10:40:50,220 - INFO - Inserted 7937 records into the database.
2024-11-22 10:40:50,221 - INFO - Data extracted for 2023-2024, July
2024-11-22 10:41:14,185 - INFO - Inserted 6931 records into the database.
2024-11-22 10:41:14,185 - INFO - Data extracted for 2023-2024, August
2024-11-22 10:41:40,913 - INFO - Inserted 7910 records into the database.
2024-11-22 10:41:40,915 - INFO - Data extracted for 2023-2024, September
2024-11-22 10:42:08,224 - INFO - Inserted 7893 records into the database.
2024-11-22 10:42:08,227 - INFO - Data extracted for 2023-2024, October
2024-11-22 10:42:35,036 - INFO - Inserted 7854 records into the database.
2024-11-22 10:42:35,037 - INFO - Data extracted for 2023-2024, November
2024-11-22 10:43:01,934 - INFO - Inserted 7843 records into the database.
2024-11-22 10:43:01,935 - INFO - Data extracted for 2023-2024, December
2024-11-22 10:43:26,791 - INFO - Inserted 7205 records into the database.
2024-11-22 10:43:26,792 - INFO - Data extracted for 2023-2024, January
2024-11-22 10:43:53,403 - INFO - Inserted 7855 records into the database.
2024-11-22 10:43:53,404 - INFO - Data extracted for 2023-2024, February
2024-11-22 10:44:22,635 - INFO - Inserted 7747 records into the database.
2024-11-22 10:44:22,638 - INFO - Data extracted for 2023-2024, March
2024-11-22 10:44:47,775 - INFO - Inserted 7316 records into the database.
2024-11-22 10:44:47,775 - INFO - Data extracted for 2023-2024, April
2024-11-22 10:44:48,086 - WARNING - No data available for 2024-2025, May
2024-11-22 10:45:29,907 - INFO - Inserted 11803 records into the database.
2024-11-22 10:45:29,908 - INFO - Data extracted for 2024-2025, June
2024-11-22 10:46:19,067 - INFO - Inserted 13762 records into the database.
2024-11-22 10:46:19,070 - INFO - Data extracted for 2024-2025, July
2024-11-22 10:47:07,256 - INFO - Inserted 13985 records into the database.
2024-11-22 10:47:07,257 - INFO - Data extracted for 2024-2025, August
2024-11-22 10:47:55,073 - INFO - Inserted 13991 records into the database.
2024-11-22 10:47:55,074 - INFO - Data extracted for 2024-2025, September
2024-11-22 10:48:42,860 - INFO - Inserted 13897 records into the database.
2024-11-22 10:48:42,861 - INFO - Data extracted for 2024-2025, October
2024-11-22 10:48:43,175 - WARNING - No data available for 2024-2025, November
2024-11-22 10:48:43,646 - WARNING - No data available for 2024-2025, December
2024-11-22 10:48:44,103 - WARNING - No data available for 2024-2025, January
2024-11-22 10:48:44,497 - WARNING - No data available for 2024-2025, February
2024-11-22 10:48:44,785 - WARNING - No data available for 2024-2025, March
2024-11-22 10:48:45,044 - WARNING - No data available for 2024-2025, April
2024-11-22 10:48:45,045 - INFO - Data extraction process completed.
2024-11-26 07:05:14,036 - WARNING - No data available for 2022-2023, May
2024-11-26 07:05:14,744 - WARNING - No data available for 2022-2023, June
2024-11-26 07:05:15,128 - WARNING - No data available for 2022-2023, July
2024-11-26 07:05:15,466 - WARNING - No data available for 2022-2023, August
2024-11-26 07:05:15,937 - WARNING - No data available for 2022-2023, September
2024-11-26 07:05:16,480 - WARNING - No data available for 2022-2023, October
2024-11-26 07:05:16,748 - WARNING - No data available for 2022-2023, November
2024-11-26 07:05:17,206 - WARNING - No data available for 2022-2023, December
2024-11-26 07:05:17,647 - WARNING - No data available for 2022-2023, January
2024-11-26 07:05:17,919 - WARNING - No data available for 2022-2023, February
2024-11-26 07:05:18,245 - WARNING - No data available for 2022-2023, March
2024-11-26 07:05:18,841 - WARNING - No data available for 2022-2023, April
2024-11-26 07:05:19,286 - WARNING - No data available for 2023-2024, May
2024-11-26 07:05:45,027 - INFO - Inserted 7531 records into the database.
2024-11-26 07:05:45,028 - INFO - Data extracted for 2023-2024, June
2024-11-26 07:06:12,050 - INFO - Inserted 7937 records into the database.
2024-11-26 07:06:12,052 - INFO - Data extracted for 2023-2024, July
2024-11-26 07:06:35,954 - INFO - Inserted 6931 records into the database.
2024-11-26 07:06:35,955 - INFO - Data extracted for 2023-2024, August
2024-11-26 07:07:02,971 - INFO - Inserted 7910 records into the database.
2024-11-26 07:07:02,971 - INFO - Data extracted for 2023-2024, September
2024-11-26 07:07:29,901 - INFO - Inserted 7893 records into the database.
2024-11-26 07:07:29,903 - INFO - Data extracted for 2023-2024, October
2024-11-26 07:07:57,021 - INFO - Inserted 7854 records into the database.
2024-11-26 07:07:57,022 - INFO - Data extracted for 2023-2024, November
2024-11-26 07:10:59,748 - WARNING - No data available for 2022-2023, May
2024-11-26 07:11:00,013 - WARNING - No data available for 2022-2023, June
2024-11-26 07:11:00,383 - WARNING - No data available for 2022-2023, July
2024-11-26 07:11:00,651 - WARNING - No data available for 2022-2023, August
2024-11-26 07:11:00,992 - WARNING - No data available for 2022-2023, September
2024-11-26 07:11:01,357 - WARNING - No data available for 2022-2023, October
2024-11-26 07:11:01,685 - WARNING - No data available for 2022-2023, November
2024-11-26 07:11:01,960 - WARNING - No data available for 2022-2023, December
2024-11-26 07:11:02,333 - WARNING - No data available for 2022-2023, January
2024-11-26 07:11:02,775 - WARNING - No data available for 2022-2023, February
2024-11-26 07:11:03,038 - WARNING - No data available for 2022-2023, March
2024-11-26 07:11:03,306 - WARNING - No data available for 2022-2023, April
2024-11-26 07:11:03,642 - WARNING - No data available for 2023-2024, May
2024-11-26 07:11:29,098 - INFO - Inserted 7531 records into the database.
2024-11-26 07:11:29,100 - INFO - Data extracted for 2023-2024, June
2024-11-26 07:11:55,846 - INFO - Inserted 7937 records into the database.
2024-11-26 07:11:55,849 - INFO - Data extracted for 2023-2024, July
2024-11-26 07:12:19,534 - INFO - Inserted 6931 records into the database.
2024-11-26 07:12:19,535 - INFO - Data extracted for 2023-2024, August
2024-11-26 07:12:45,978 - INFO - Inserted 7910 records into the database.
2024-11-26 07:12:45,979 - INFO - Data extracted for 2023-2024, September
2024-11-26 07:13:14,857 - INFO - Inserted 7893 records into the database.
2024-11-26 07:13:14,860 - INFO - Data extracted for 2023-2024, October
2024-11-26 07:13:41,653 - INFO - Inserted 7854 records into the database.
2024-11-26 07:13:41,654 - INFO - Data extracted for 2023-2024, November
2024-11-26 07:14:08,191 - INFO - Inserted 7843 records into the database.
2024-11-26 07:14:08,193 - INFO - Data extracted for 2023-2024, December
2024-11-26 07:14:32,880 - INFO - Inserted 7205 records into the database.
2024-11-26 07:14:32,881 - INFO - Data extracted for 2023-2024, January
2024-11-26 07:14:59,656 - INFO - Inserted 7855 records into the database.
2024-11-26 07:14:59,657 - INFO - Data extracted for 2023-2024, February
2024-11-26 07:15:29,563 - INFO - Inserted 7747 records into the database.
2024-11-26 07:15:29,564 - INFO - Data extracted for 2023-2024, March
2024-11-26 07:17:19,408 - WARNING - No data available for 2022-2023, May
2024-11-26 07:17:19,741 - WARNING - No data available for 2022-2023, June
2024-11-26 07:17:19,999 - WARNING - No data available for 2022-2023, July
2024-11-26 07:17:20,260 - WARNING - No data available for 2022-2023, August
2024-11-26 07:17:20,534 - WARNING - No data available for 2022-2023, September
2024-11-26 07:17:20,812 - WARNING - No data available for 2022-2023, October
2024-11-26 07:17:21,090 - WARNING - No data available for 2022-2023, November
2024-11-26 07:17:21,383 - WARNING - No data available for 2022-2023, December
2024-11-26 07:17:21,769 - WARNING - No data available for 2022-2023, January
2024-11-26 07:17:22,050 - WARNING - No data available for 2022-2023, February
2024-11-26 07:17:22,415 - WARNING - No data available for 2022-2023, March
2024-11-26 07:17:22,666 - WARNING - No data available for 2022-2023, April
2024-11-26 07:17:22,947 - WARNING - No data available for 2023-2024, May
2024-11-26 07:17:48,339 - INFO - Inserted 7531 records into the database.
2024-11-26 07:17:48,342 - INFO - Data extracted for 2023-2024, June
2024-11-26 07:18:14,986 - INFO - Inserted 7937 records into the database.
2024-11-26 07:18:14,989 - INFO - Data extracted for 2023-2024, July
2024-11-26 07:18:38,944 - INFO - Inserted 6931 records into the database.
2024-11-26 07:18:38,944 - INFO - Data extracted for 2023-2024, August
2024-11-26 07:19:06,003 - INFO - Inserted 7910 records into the database.
2024-11-26 07:19:06,004 - INFO - Data extracted for 2023-2024, September
2024-11-26 07:19:32,685 - INFO - Inserted 7893 records into the database.
2024-11-26 07:19:32,687 - INFO - Data extracted for 2023-2024, October
2024-11-26 07:19:59,361 - INFO - Inserted 7854 records into the database.
2024-11-26 07:19:59,362 - INFO - Data extracted for 2023-2024, November
2024-11-26 07:20:30,365 - INFO - Inserted 7843 records into the database.
2024-11-26 07:20:30,366 - INFO - Data extracted for 2023-2024, December
2024-11-26 07:20:54,883 - INFO - Inserted 7205 records into the database.
2024-11-26 07:20:54,884 - INFO - Data extracted for 2023-2024, January
2024-11-26 07:21:27,834 - INFO - Inserted 7855 records into the database.
2024-11-26 07:21:27,836 - INFO - Data extracted for 2023-2024, February
2024-11-26 07:21:54,226 - INFO - Inserted 7747 records into the database.
2024-11-26 07:21:54,227 - INFO - Data extracted for 2023-2024, March
2024-11-26 07:22:19,059 - INFO - Inserted 7316 records into the database.
2024-11-26 07:22:19,059 - INFO - Data extracted for 2023-2024, April
2024-11-26 07:22:19,455 - WARNING - No data available for 2024-2025, May
2024-11-26 07:22:59,721 - INFO - Inserted 11803 records into the database.
2024-11-26 07:22:59,723 - INFO - Data extracted for 2024-2025, June
2024-11-26 07:23:45,546 - INFO - Inserted 13762 records into the database.
2024-11-26 07:23:45,547 - INFO - Data extracted for 2024-2025, July
2024-11-26 07:24:35,499 - INFO - Inserted 13985 records into the database.
2024-11-26 07:24:35,504 - INFO - Data extracted for 2024-2025, August
2024-11-26 07:25:27,591 - INFO - Inserted 13991 records into the database.
2024-11-26 07:25:27,592 - INFO - Data extracted for 2024-2025, September
2024-11-26 07:26:27,842 - INFO - Inserted 13897 records into the database.
2024-11-26 07:26:27,843 - INFO - Data extracted for 2024-2025, October
2024-11-26 07:26:28,130 - WARNING - No data available for 2024-2025, November
2024-11-26 07:26:28,419 - WARNING - No data available for 2024-2025, December
2024-11-26 07:26:28,690 - WARNING - No data available for 2024-2025, January
2024-11-26 07:26:28,991 - WARNING - No data available for 2024-2025, February
2024-11-26 07:26:29,306 - WARNING - No data available for 2024-2025, March
2024-11-26 07:26:29,694 - WARNING - No data available for 2024-2025, April
2024-11-26 07:26:29,694 - INFO - Data extraction process completed.
2024-12-04 07:01:52,558 - WARNING - No data available for 2022-2023, May
2024-12-04 07:01:52,848 - WARNING - No data available for 2022-2023, June
2024-12-04 07:01:53,682 - WARNING - No data available for 2022-2023, July
2024-12-04 07:01:54,343 - WARNING - No data available for 2022-2023, August
2024-12-04 07:01:55,008 - WARNING - No data available for 2022-2023, September
2024-12-04 07:01:55,635 - WARNING - No data available for 2022-2023, October
2024-12-04 07:01:55,966 - WARNING - No data available for 2022-2023, November
2024-12-04 07:01:56,534 - WARNING - No data available for 2022-2023, December
2024-12-04 07:01:57,194 - WARNING - No data available for 2022-2023, January
2024-12-04 07:01:58,090 - WARNING - No data available for 2022-2023, February
2024-12-04 07:01:58,386 - WARNING - No data available for 2022-2023, March
2024-12-04 07:01:58,704 - WARNING - No data available for 2022-2023, April
2024-12-04 07:01:59,409 - WARNING - No data available for 2023-2024, May
2024-12-04 07:02:26,213 - INFO - Inserted 7531 records into the database.
2024-12-04 07:02:26,215 - INFO - Data extracted for 2023-2024, June
2024-12-04 07:02:54,402 - INFO - Inserted 7937 records into the database.
2024-12-04 07:02:54,404 - INFO - Data extracted for 2023-2024, July
2024-12-04 07:03:19,432 - INFO - Inserted 6931 records into the database.
2024-12-04 07:03:19,433 - INFO - Data extracted for 2023-2024, August
2024-12-04 07:03:47,455 - INFO - Inserted 7910 records into the database.
2024-12-04 07:03:47,456 - INFO - Data extracted for 2023-2024, September
2024-12-04 07:04:16,867 - INFO - Inserted 7893 records into the database.
2024-12-04 07:04:16,869 - INFO - Data extracted for 2023-2024, October
2024-12-04 07:04:44,522 - INFO - Inserted 7854 records into the database.
2024-12-04 07:04:44,522 - INFO - Data extracted for 2023-2024, November
2024-12-04 07:05:12,412 - INFO - Inserted 7843 records into the database.
2024-12-04 07:05:12,414 - INFO - Data extracted for 2023-2024, December
2024-12-04 07:05:38,060 - INFO - Inserted 7205 records into the database.
2024-12-04 07:05:38,061 - INFO - Data extracted for 2023-2024, January
2024-12-04 07:06:05,547 - INFO - Inserted 7855 records into the database.
2024-12-04 07:06:05,548 - INFO - Data extracted for 2023-2024, February
2024-12-04 07:06:32,582 - INFO - Inserted 7747 records into the database.
2024-12-04 07:06:32,584 - INFO - Data extracted for 2023-2024, March
2024-12-04 07:06:58,181 - INFO - Inserted 7316 records into the database.
2024-12-04 07:06:58,182 - INFO - Data extracted for 2023-2024, April
2024-12-04 07:06:58,476 - WARNING - No data available for 2024-2025, May
2024-12-04 07:07:39,231 - INFO - Inserted 11803 records into the database.
2024-12-04 07:07:39,232 - INFO - Data extracted for 2024-2025, June
2024-12-04 07:08:27,346 - INFO - Inserted 13762 records into the database.
2024-12-04 07:08:27,347 - INFO - Data extracted for 2024-2025, July
2024-12-04 07:09:16,068 - INFO - Inserted 13985 records into the database.
2024-12-04 07:09:16,069 - INFO - Data extracted for 2024-2025, August
2024-12-04 07:10:06,664 - INFO - Inserted 13991 records into the database.
2024-12-04 07:10:06,666 - INFO - Data extracted for 2024-2025, September
2024-12-04 07:10:59,025 - INFO - Inserted 14284 records into the database.
2024-12-04 07:10:59,026 - INFO - Data extracted for 2024-2025, October
2024-12-04 07:11:04,065 - INFO - Inserted 1194 records into the database.
2024-12-04 07:11:04,065 - INFO - Data extracted for 2024-2025, November
2024-12-04 07:11:04,706 - WARNING - No data available for 2024-2025, December
2024-12-04 07:11:05,026 - WARNING - No data available for 2024-2025, January
2024-12-04 07:11:05,353 - WARNING - No data available for 2024-2025, February
2024-12-04 07:11:05,928 - WARNING - No data available for 2024-2025, March
2024-12-04 07:11:06,522 - WARNING - No data available for 2024-2025, April
2024-12-04 07:11:06,522 - INFO - Data extraction process completed.
2025-01-22 07:17:55,731 - WARNING - No data available for 2022-2023, May
2025-01-22 07:17:56,496 - WARNING - No data available for 2022-2023, June
2025-01-22 07:17:56,806 - WARNING - No data available for 2022-2023, July
2025-01-22 07:17:57,117 - WARNING - No data available for 2022-2023, August
2025-01-22 07:17:57,874 - WARNING - No data available for 2022-2023, September
2025-01-22 07:17:58,658 - WARNING - No data available for 2022-2023, October
2025-01-22 07:17:58,950 - WARNING - No data available for 2022-2023, November
2025-01-22 07:17:59,491 - WARNING - No data available for 2022-2023, December
2025-01-22 07:18:00,264 - WARNING - No data available for 2022-2023, January
2025-01-22 07:18:00,520 - WARNING - No data available for 2022-2023, February
2025-01-22 07:18:01,212 - WARNING - No data available for 2022-2023, March
2025-01-22 07:18:01,487 - WARNING - No data available for 2022-2023, April
2025-01-22 07:18:01,785 - WARNING - No data available for 2023-2024, May
2025-01-22 07:18:24,296 - ERROR - Database error: Not all parameters were used in the SQL statement
2025-01-22 07:18:24,296 - INFO - Data extracted for 2023-2024, June
2025-01-22 07:18:48,758 - ERROR - Database error: Not all parameters were used in the SQL statement
2025-01-22 07:18:48,759 - INFO - Data extracted for 2023-2024, July
2025-01-22 07:19:10,246 - ERROR - Database error: Not all parameters were used in the SQL statement
2025-01-22 07:19:10,246 - INFO - Data extracted for 2023-2024, August
2025-01-22 07:19:34,617 - ERROR - Database error: Not all parameters were used in the SQL statement
2025-01-22 07:19:34,617 - INFO - Data extracted for 2023-2024, September
2025-01-22 07:19:57,854 - ERROR - Database error: Not all parameters were used in the SQL statement
2025-01-22 07:19:57,855 - INFO - Data extracted for 2023-2024, October
2025-01-22 07:20:23,179 - ERROR - Database error: Not all parameters were used in the SQL statement
2025-01-22 07:20:23,180 - INFO - Data extracted for 2023-2024, November
2025-01-22 07:20:47,169 - ERROR - Database error: Not all parameters were used in the SQL statement
2025-01-22 07:20:47,170 - INFO - Data extracted for 2023-2024, December
2025-01-22 07:21:10,152 - ERROR - Database error: Not all parameters were used in the SQL statement
2025-01-22 07:21:10,152 - INFO - Data extracted for 2023-2024, January
2025-01-22 07:21:34,149 - ERROR - Database error: Not all parameters were used in the SQL statement
2025-01-22 07:21:34,149 - INFO - Data extracted for 2023-2024, February
2025-01-22 07:21:57,345 - ERROR - Database error: Not all parameters were used in the SQL statement
2025-01-22 07:21:57,346 - INFO - Data extracted for 2023-2024, March
2025-01-22 07:22:19,936 - ERROR - Database error: Not all parameters were used in the SQL statement
2025-01-22 07:22:19,937 - INFO - Data extracted for 2023-2024, April
2025-01-22 07:22:20,224 - WARNING - No data available for 2024-2025, May
2025-01-22 07:22:55,801 - ERROR - Database error: Not all parameters were used in the SQL statement
2025-01-22 07:22:55,802 - INFO - Data extracted for 2024-2025, June
2025-01-22 07:23:38,658 - ERROR - Database error: Not all parameters were used in the SQL statement
2025-01-22 07:23:38,658 - INFO - Data extracted for 2024-2025, July
2025-01-22 07:24:22,376 - ERROR - Database error: Not all parameters were used in the SQL statement
2025-01-22 07:24:22,377 - INFO - Data extracted for 2024-2025, August
2025-01-22 07:25:05,536 - ERROR - Database error: Not all parameters were used in the SQL statement
2025-01-22 07:25:05,537 - INFO - Data extracted for 2024-2025, September
2025-01-22 07:25:50,210 - ERROR - Database error: Not all parameters were used in the SQL statement
2025-01-22 07:25:50,210 - INFO - Data extracted for 2024-2025, October
2025-01-22 07:26:32,044 - ERROR - Database error: Not all parameters were used in the SQL statement
2025-01-22 07:26:32,045 - INFO - Data extracted for 2024-2025, November
2025-01-22 07:27:08,736 - ERROR - Database error: Not all parameters were used in the SQL statement
2025-01-22 07:27:08,736 - INFO - Data extracted for 2024-2025, December
2025-01-22 07:27:13,806 - ERROR - Database error: Not all parameters were used in the SQL statement
2025-01-22 07:27:13,806 - INFO - Data extracted for 2024-2025, January
2025-01-22 07:27:14,368 - WARNING - No data available for 2024-2025, February
2025-01-22 07:27:14,675 - WARNING - No data available for 2024-2025, March
2025-01-22 07:27:15,030 - WARNING - No data available for 2024-2025, April
2025-01-22 07:27:15,373 - WARNING - No data available for 2025-2026, May
2025-01-22 07:27:15,655 - WARNING - No data available for 2025-2026, June
2025-01-22 07:27:16,410 - WARNING - No data available for 2025-2026, July
2025-01-22 07:27:16,704 - WARNING - No data available for 2025-2026, August
2025-01-22 07:27:16,976 - WARNING - No data available for 2025-2026, September
2025-01-22 07:27:17,254 - WARNING - No data available for 2025-2026, October
2025-01-22 07:27:17,560 - WARNING - No data available for 2025-2026, November
2025-01-22 07:27:17,829 - WARNING - No data available for 2025-2026, December
2025-01-22 07:27:18,102 - WARNING - No data available for 2025-2026, January
2025-01-22 07:27:18,408 - WARNING - No data available for 2025-2026, February
2025-01-22 07:27:18,720 - WARNING - No data available for 2025-2026, March
2025-01-22 07:27:18,995 - WARNING - No data available for 2025-2026, April
2025-01-22 07:27:18,995 - INFO - Data extraction process completed.
2025-01-22 07:30:37,702 - WARNING - No data available for 2022-2023, May
2025-01-22 07:30:38,015 - WARNING - No data available for 2022-2023, June
2025-01-22 07:30:38,350 - WARNING - No data available for 2022-2023, July
2025-01-22 07:30:38,617 - WARNING - No data available for 2022-2023, August
2025-01-22 07:30:38,950 - WARNING - No data available for 2022-2023, September
2025-01-22 07:30:39,208 - WARNING - No data available for 2022-2023, October
2025-01-22 07:30:39,485 - WARNING - No data available for 2022-2023, November
2025-01-22 07:30:39,749 - WARNING - No data available for 2022-2023, December
2025-01-22 07:30:40,020 - WARNING - No data available for 2022-2023, January
2025-01-22 07:30:40,591 - WARNING - No data available for 2022-2023, February
2025-01-22 07:30:40,872 - WARNING - No data available for 2022-2023, March
2025-01-22 07:30:41,192 - WARNING - No data available for 2022-2023, April
2025-01-22 07:30:41,498 - WARNING - No data available for 2023-2024, May
2025-01-22 07:31:04,613 - ERROR - Database error: Not all parameters were used in the SQL statement
2025-01-22 07:31:04,613 - INFO - Data extracted for 2023-2024, June
2025-01-22 07:31:29,094 - ERROR - Database error: Not all parameters were used in the SQL statement
2025-01-22 07:31:29,095 - INFO - Data extracted for 2023-2024, July
2025-01-22 07:31:49,687 - ERROR - Database error: Not all parameters were used in the SQL statement
2025-01-22 07:31:49,688 - INFO - Data extracted for 2023-2024, August
2025-01-22 07:32:13,650 - ERROR - Database error: Not all parameters were used in the SQL statement
2025-01-22 07:32:13,651 - INFO - Data extracted for 2023-2024, September
2025-01-22 07:32:37,579 - ERROR - Database error: Not all parameters were used in the SQL statement
2025-01-22 07:32:37,580 - INFO - Data extracted for 2023-2024, October
2025-01-22 07:33:00,613 - ERROR - Database error: Not all parameters were used in the SQL statement
2025-01-22 07:33:00,614 - INFO - Data extracted for 2023-2024, November
2025-01-22 07:33:23,896 - ERROR - Database error: Not all parameters were used in the SQL statement
2025-01-22 07:33:23,896 - INFO - Data extracted for 2023-2024, December
2025-01-22 07:33:45,098 - ERROR - Database error: Not all parameters were used in the SQL statement
2025-01-22 07:33:45,099 - INFO - Data extracted for 2023-2024, January
2025-01-22 07:34:08,306 - ERROR - Database error: Not all parameters were used in the SQL statement
2025-01-22 07:34:08,306 - INFO - Data extracted for 2023-2024, February
2025-01-22 07:34:31,762 - ERROR - Database error: Not all parameters were used in the SQL statement
2025-01-22 07:34:31,763 - INFO - Data extracted for 2023-2024, March
2025-01-22 07:34:53,804 - ERROR - Database error: Not all parameters were used in the SQL statement
2025-01-22 07:34:53,805 - INFO - Data extracted for 2023-2024, April
2025-01-22 07:34:54,074 - WARNING - No data available for 2024-2025, May
2025-01-22 07:35:32,344 - ERROR - Database error: Not all parameters were used in the SQL statement
2025-01-22 07:35:32,345 - INFO - Data extracted for 2024-2025, June
2025-01-22 07:36:13,551 - ERROR - Database error: Not all parameters were used in the SQL statement
2025-01-22 07:36:13,552 - INFO - Data extracted for 2024-2025, July
2025-01-22 07:36:55,219 - ERROR - Database error: Not all parameters were used in the SQL statement
2025-01-22 07:36:55,220 - INFO - Data extracted for 2024-2025, August
2025-01-22 07:37:40,070 - ERROR - Database error: Not all parameters were used in the SQL statement
2025-01-22 07:37:40,070 - INFO - Data extracted for 2024-2025, September
2025-01-22 07:38:24,226 - ERROR - Database error: Not all parameters were used in the SQL statement
2025-01-22 07:38:24,226 - INFO - Data extracted for 2024-2025, October
2025-01-22 07:39:07,401 - ERROR - Database error: Not all parameters were used in the SQL statement
2025-01-22 07:39:07,402 - INFO - Data extracted for 2024-2025, November
2025-01-22 07:39:46,426 - ERROR - Database error: Not all parameters were used in the SQL statement
2025-01-22 07:39:46,427 - INFO - Data extracted for 2024-2025, December
2025-01-22 07:39:50,915 - ERROR - Database error: Not all parameters were used in the SQL statement
2025-01-22 07:39:50,916 - INFO - Data extracted for 2024-2025, January
2025-01-22 07:39:51,258 - WARNING - No data available for 2024-2025, February
2025-01-22 07:39:51,555 - WARNING - No data available for 2024-2025, March
2025-01-22 07:39:52,123 - WARNING - No data available for 2024-2025, April
2025-01-22 07:39:52,419 - WARNING - No data available for 2025-2026, May
2025-01-22 07:39:52,686 - WARNING - No data available for 2025-2026, June
2025-01-22 07:39:52,989 - WARNING - No data available for 2025-2026, July
2025-01-22 07:39:53,261 - WARNING - No data available for 2025-2026, August
2025-01-22 07:39:53,828 - WARNING - No data available for 2025-2026, September
2025-01-22 07:39:54,110 - WARNING - No data available for 2025-2026, October
2025-01-22 07:39:54,370 - WARNING - No data available for 2025-2026, November
2025-01-22 07:39:54,626 - WARNING - No data available for 2025-2026, December
2025-01-22 07:39:54,892 - WARNING - No data available for 2025-2026, January
2025-01-22 07:39:55,195 - WARNING - No data available for 2025-2026, February
2025-01-22 07:39:55,458 - WARNING - No data available for 2025-2026, March
2025-01-22 07:39:55,727 - WARNING - No data available for 2025-2026, April
2025-01-22 07:39:55,727 - INFO - Data extraction process completed.
2025-01-22 07:40:35,637 - WARNING - No data available for 2022-2023, May
2025-01-22 07:40:35,941 - WARNING - No data available for 2022-2023, June
2025-01-22 07:40:36,187 - WARNING - No data available for 2022-2023, July
2025-01-22 07:40:36,457 - WARNING - No data available for 2022-2023, August
2025-01-22 07:40:36,753 - WARNING - No data available for 2022-2023, September
2025-01-22 07:40:37,003 - WARNING - No data available for 2022-2023, October
2025-01-22 07:40:37,285 - WARNING - No data available for 2022-2023, November
2025-01-22 07:40:37,650 - WARNING - No data available for 2022-2023, December
2025-01-22 07:40:38,201 - WARNING - No data available for 2022-2023, January
2025-01-22 07:40:38,473 - WARNING - No data available for 2022-2023, February
2025-01-22 07:40:39,075 - WARNING - No data available for 2022-2023, March
2025-01-22 07:40:39,364 - WARNING - No data available for 2022-2023, April
2025-01-22 07:40:39,619 - WARNING - No data available for 2023-2024, May
2025-01-22 07:41:04,579 - INFO - Inserted 7531 records into the database.
2025-01-22 07:41:04,581 - INFO - Data extracted for 2023-2024, June
2025-01-22 07:41:30,498 - INFO - Inserted 7937 records into the database.
2025-01-22 07:41:30,501 - INFO - Data extracted for 2023-2024, July
2025-01-22 07:41:52,884 - INFO - Inserted 6931 records into the database.
2025-01-22 07:41:52,885 - INFO - Data extracted for 2023-2024, August
2025-01-22 07:42:19,154 - INFO - Inserted 7910 records into the database.
2025-01-22 07:42:19,155 - INFO - Data extracted for 2023-2024, September
2025-01-22 07:42:45,289 - INFO - Inserted 7893 records into the database.
2025-01-22 07:42:45,291 - INFO - Data extracted for 2023-2024, October
2025-01-22 07:43:11,165 - INFO - Inserted 7854 records into the database.
2025-01-22 07:43:11,166 - INFO - Data extracted for 2023-2024, November
2025-01-22 07:43:36,748 - INFO - Inserted 7843 records into the database.
2025-01-22 07:43:36,749 - INFO - Data extracted for 2023-2024, December
2025-01-22 07:44:00,137 - INFO - Inserted 7205 records into the database.
2025-01-22 07:44:00,138 - INFO - Data extracted for 2023-2024, January
2025-01-22 07:44:26,013 - INFO - Inserted 7855 records into the database.
2025-01-22 07:44:26,015 - INFO - Data extracted for 2023-2024, February
2025-01-22 07:44:51,666 - INFO - Inserted 7747 records into the database.
2025-01-22 07:44:51,668 - INFO - Data extracted for 2023-2024, March
2025-01-22 07:45:17,409 - INFO - Inserted 7316 records into the database.
2025-01-22 07:45:17,410 - INFO - Data extracted for 2023-2024, April
2025-01-22 07:45:17,698 - WARNING - No data available for 2024-2025, May
2025-01-22 07:45:56,088 - INFO - Inserted 11803 records into the database.
2025-01-22 07:45:56,091 - INFO - Data extracted for 2024-2025, June
2025-01-22 07:46:41,066 - INFO - Inserted 13762 records into the database.
2025-01-22 07:46:41,068 - INFO - Data extracted for 2024-2025, July
2025-01-22 07:47:28,579 - INFO - Inserted 13985 records into the database.
2025-01-22 07:47:28,582 - INFO - Data extracted for 2024-2025, August
2025-01-22 07:48:14,347 - INFO - Inserted 13991 records into the database.
2025-01-22 07:48:14,349 - INFO - Data extracted for 2024-2025, September
2025-01-22 07:49:00,252 - INFO - Inserted 14284 records into the database.
2025-01-22 07:49:00,254 - INFO - Data extracted for 2024-2025, October
2025-01-22 07:49:47,791 - INFO - Inserted 14665 records into the database.
2025-01-22 07:49:47,794 - INFO - Data extracted for 2024-2025, November
2025-01-22 07:50:30,912 - INFO - Inserted 12439 records into the database.
2025-01-22 07:50:30,914 - INFO - Data extracted for 2024-2025, December
2025-01-22 07:50:35,778 - INFO - Inserted 1322 records into the database.
2025-01-22 07:50:35,778 - INFO - Data extracted for 2024-2025, January
2025-01-22 07:50:36,343 - WARNING - No data available for 2024-2025, February
2025-01-22 07:50:36,710 - WARNING - No data available for 2024-2025, March
2025-01-22 07:50:37,043 - WARNING - No data available for 2024-2025, April
2025-01-22 07:50:37,664 - WARNING - No data available for 2025-2026, May
2025-01-22 07:50:37,978 - WARNING - No data available for 2025-2026, June
2025-01-22 07:50:38,261 - WARNING - No data available for 2025-2026, July
2025-01-22 07:50:38,563 - WARNING - No data available for 2025-2026, August
2025-01-22 07:50:39,106 - WARNING - No data available for 2025-2026, September
2025-01-22 07:50:39,393 - WARNING - No data available for 2025-2026, October
2025-01-22 07:50:39,698 - WARNING - No data available for 2025-2026, November
2025-01-22 07:50:39,973 - WARNING - No data available for 2025-2026, December
2025-01-22 07:50:40,295 - WARNING - No data available for 2025-2026, January
2025-01-22 07:50:40,597 - WARNING - No data available for 2025-2026, February
2025-01-22 07:50:40,888 - WARNING - No data available for 2025-2026, March
2025-01-22 07:50:41,189 - WARNING - No data available for 2025-2026, April
2025-01-22 07:50:41,190 - INFO - Data extraction process completed.
2025-04-04 15:25:19,373 - WARNING - No data available for 2022-2023, May
2025-04-04 15:25:20,156 - WARNING - No data available for 2022-2023, June
2025-04-04 15:25:20,695 - WARNING - No data available for 2022-2023, July
2025-04-04 15:25:21,481 - WARNING - No data available for 2022-2023, August
2025-04-04 15:25:21,784 - WARNING - No data available for 2022-2023, September
2025-04-04 15:25:22,456 - WARNING - No data available for 2022-2023, October
2025-04-04 15:25:22,756 - WARNING - No data available for 2022-2023, November
2025-04-04 15:25:23,035 - WARNING - No data available for 2022-2023, December
2025-04-04 15:25:23,752 - WARNING - No data available for 2022-2023, January
2025-04-04 15:25:24,042 - WARNING - No data available for 2022-2023, February
2025-04-04 15:25:24,861 - WARNING - No data available for 2022-2023, March
2025-04-04 15:25:25,550 - WARNING - No data available for 2022-2023, April
2025-04-04 15:25:25,836 - WARNING - No data available for 2023-2024, May
2025-04-04 15:27:13,404 - WARNING - No data available for 2022-2023, May
2025-04-04 15:27:13,996 - WARNING - No data available for 2022-2023, June
2025-04-04 15:27:14,688 - WARNING - No data available for 2022-2023, July
2025-04-04 15:27:14,993 - WARNING - No data available for 2022-2023, August
2025-04-04 15:27:15,299 - WARNING - No data available for 2022-2023, September
2025-04-04 15:27:15,596 - WARNING - No data available for 2022-2023, October
2025-04-04 15:27:15,858 - WARNING - No data available for 2022-2023, November
2025-04-04 15:27:16,168 - WARNING - No data available for 2022-2023, December
2025-04-04 15:27:16,498 - WARNING - No data available for 2022-2023, January
2025-04-04 15:27:16,792 - WARNING - No data available for 2022-2023, February
2025-04-04 15:27:17,091 - WARNING - No data available for 2022-2023, March
2025-04-04 15:27:17,410 - WARNING - No data available for 2022-2023, April
2025-04-04 15:27:17,732 - WARNING - No data available for 2023-2024, May
2025-04-04 15:29:00,176 - WARNING - No data available for 2022-2023, May
2025-04-04 15:29:00,508 - WARNING - No data available for 2022-2023, June
2025-04-04 15:29:00,797 - WARNING - No data available for 2022-2023, July
2025-04-04 15:29:01,057 - WARNING - No data available for 2022-2023, August
2025-04-04 15:29:01,389 - WARNING - No data available for 2022-2023, September
2025-04-04 15:29:01,668 - WARNING - No data available for 2022-2023, October
2025-04-04 15:29:02,368 - WARNING - No data available for 2022-2023, November
2025-04-04 15:29:02,629 - WARNING - No data available for 2022-2023, December
2025-04-04 15:29:02,935 - WARNING - No data available for 2022-2023, January
2025-04-04 15:29:03,611 - WARNING - No data available for 2022-2023, February
2025-04-04 15:29:03,868 - WARNING - No data available for 2022-2023, March
2025-04-04 15:29:04,109 - WARNING - No data available for 2022-2023, April
2025-04-04 15:29:04,360 - WARNING - No data available for 2023-2024, May
2025-04-04 15:29:31,524 - INFO - Inserted 7531 records into the database.
2025-04-04 15:29:31,527 - INFO - Data extracted for 2023-2024, June
2025-04-04 15:30:00,634 - INFO - Inserted 7937 records into the database.
2025-04-04 15:30:00,636 - INFO - Data extracted for 2023-2024, July
2025-04-04 15:30:28,024 - INFO - Inserted 6931 records into the database.
2025-04-04 15:30:28,027 - INFO - Data extracted for 2023-2024, August
2025-04-04 15:30:56,852 - INFO - Inserted 7910 records into the database.
2025-04-04 15:30:56,853 - INFO - Data extracted for 2023-2024, September
2025-04-04 15:31:28,519 - INFO - Inserted 7893 records into the database.
2025-04-04 15:31:28,520 - INFO - Data extracted for 2023-2024, October
2025-04-04 15:31:57,942 - INFO - Inserted 7854 records into the database.
2025-04-04 15:31:57,945 - INFO - Data extracted for 2023-2024, November
2025-04-04 15:32:27,904 - INFO - Inserted 7843 records into the database.
2025-04-04 15:32:27,905 - INFO - Data extracted for 2023-2024, December
2025-04-04 15:32:52,774 - INFO - Inserted 7205 records into the database.
2025-04-04 15:32:52,775 - INFO - Data extracted for 2023-2024, January
2025-04-04 15:33:20,369 - INFO - Inserted 7855 records into the database.
2025-04-04 15:33:20,370 - INFO - Data extracted for 2023-2024, February
2025-04-04 15:33:46,606 - INFO - Inserted 7747 records into the database.
2025-04-04 15:33:46,607 - INFO - Data extracted for 2023-2024, March
2025-04-04 15:34:11,320 - INFO - Inserted 7316 records into the database.
2025-04-04 15:34:11,321 - INFO - Data extracted for 2023-2024, April
2025-04-04 15:34:11,668 - WARNING - No data available for 2024-2025, May
2025-04-04 15:34:51,607 - INFO - Inserted 11803 records into the database.
2025-04-04 15:34:51,608 - INFO - Data extracted for 2024-2025, June
2025-04-04 15:35:38,925 - INFO - Inserted 13762 records into the database.
2025-04-04 15:35:38,926 - INFO - Data extracted for 2024-2025, July
2025-04-04 15:36:26,320 - INFO - Inserted 13985 records into the database.
2025-04-04 15:36:26,323 - INFO - Data extracted for 2024-2025, August
2025-04-04 15:37:15,080 - INFO - Inserted 13991 records into the database.
2025-04-04 15:37:15,081 - INFO - Data extracted for 2024-2025, September
2025-04-04 15:38:10,308 - INFO - Inserted 14284 records into the database.
2025-04-04 15:38:10,310 - INFO - Data extracted for 2024-2025, October
2025-04-04 15:39:02,244 - INFO - Inserted 14194 records into the database.
2025-04-04 15:39:02,246 - INFO - Data extracted for 2024-2025, November
2025-04-04 15:39:52,395 - INFO - Inserted 14129 records into the database.
2025-04-04 15:39:52,397 - INFO - Data extracted for 2024-2025, December
2025-04-04 15:40:42,175 - INFO - Inserted 14203 records into the database.
2025-04-04 15:40:42,177 - INFO - Data extracted for 2024-2025, January
2025-04-04 15:41:28,750 - INFO - Inserted 13910 records into the database.
2025-04-04 15:41:28,758 - INFO - Data extracted for 2024-2025, February
2025-04-04 15:41:39,831 - INFO - Inserted 3135 records into the database.
2025-04-04 15:41:39,832 - INFO - Data extracted for 2024-2025, March
2025-04-04 15:41:40,289 - WARNING - No data available for 2024-2025, April
2025-04-04 15:41:40,851 - WARNING - No data available for 2025-2026, May
2025-04-04 15:41:41,172 - WARNING - No data available for 2025-2026, June
2025-04-04 15:41:41,518 - WARNING - No data available for 2025-2026, July
2025-04-04 15:41:41,860 - WARNING - No data available for 2025-2026, August
2025-04-04 15:41:42,223 - WARNING - No data available for 2025-2026, September
2025-04-04 15:41:42,549 - WARNING - No data available for 2025-2026, October
2025-04-04 15:41:42,813 - WARNING - No data available for 2025-2026, November
2025-04-04 15:41:43,094 - WARNING - No data available for 2025-2026, December
2025-04-04 15:41:43,835 - WARNING - No data available for 2025-2026, January
2025-04-04 15:41:44,082 - WARNING - No data available for 2025-2026, February
2025-04-04 15:41:44,406 - WARNING - No data available for 2025-2026, March
2025-04-04 15:41:44,732 - WARNING - No data available for 2025-2026, April
2025-04-04 15:41:44,732 - INFO - Data extraction process completed.
2025-04-04 17:39:47,213 - WARNING - No data available for 2022-2023, May
2025-04-04 17:39:47,779 - WARNING - No data available for 2022-2023, June
2025-04-04 17:39:48,323 - WARNING - No data available for 2022-2023, July
2025-04-04 17:39:48,907 - WARNING - No data available for 2022-2023, August
2025-04-04 17:39:49,205 - WARNING - No data available for 2022-2023, September
2025-04-04 17:39:49,447 - WARNING - No data available for 2022-2023, October
2025-04-04 17:39:49,759 - WARNING - No data available for 2022-2023, November
2025-04-04 17:39:50,158 - WARNING - No data available for 2022-2023, December
2025-04-04 17:39:50,423 - WARNING - No data available for 2022-2023, January
2025-04-04 17:39:50,683 - WARNING - No data available for 2022-2023, February
2025-04-04 17:39:50,953 - WARNING - No data available for 2022-2023, March
2025-04-04 17:39:51,230 - WARNING - No data available for 2022-2023, April
2025-04-04 17:39:51,944 - WARNING - No data available for 2023-2024, May
2025-04-04 17:40:17,377 - INFO - Inserted 7531 records into the database.
2025-04-04 17:40:17,379 - INFO - Data extracted for 2023-2024, June
2025-04-04 17:40:43,965 - INFO - Inserted 7932 records into the database.
2025-04-04 17:40:43,968 - INFO - Data extracted for 2023-2024, July
2025-04-04 17:41:06,594 - INFO - Inserted 6926 records into the database.
2025-04-04 17:41:06,596 - INFO - Data extracted for 2023-2024, August
2025-04-04 17:41:33,171 - INFO - Inserted 7905 records into the database.
2025-04-04 17:41:33,172 - INFO - Data extracted for 2023-2024, September
2025-04-04 17:42:24,826 - INFO - Inserted 7893 records into the database.
2025-04-04 17:42:24,826 - INFO - Data extracted for 2023-2024, October
2025-04-04 17:42:50,536 - INFO - Inserted 7854 records into the database.
2025-04-04 17:42:50,538 - INFO - Data extracted for 2023-2024, November
2025-04-04 17:43:17,716 - INFO - Inserted 7843 records into the database.
2025-04-04 17:43:17,717 - INFO - Data extracted for 2023-2024, December
2025-04-04 17:43:41,619 - INFO - Inserted 7205 records into the database.
2025-04-04 17:43:41,621 - INFO - Data extracted for 2023-2024, January
2025-04-04 17:44:08,399 - INFO - Inserted 7855 records into the database.
2025-04-04 17:44:08,400 - INFO - Data extracted for 2023-2024, February
2025-04-04 17:44:35,556 - INFO - Inserted 7747 records into the database.
2025-04-04 17:44:35,557 - INFO - Data extracted for 2023-2024, March
2025-04-04 17:45:00,261 - INFO - Inserted 7316 records into the database.
2025-04-04 17:45:00,263 - INFO - Data extracted for 2023-2024, April
2025-04-04 17:45:00,575 - WARNING - No data available for 2024-2025, May
2025-04-04 17:45:40,915 - INFO - Inserted 11803 records into the database.
2025-04-04 17:45:40,917 - INFO - Data extracted for 2024-2025, June
2025-04-04 17:46:26,736 - INFO - Inserted 13759 records into the database.
2025-04-04 17:46:26,739 - INFO - Data extracted for 2024-2025, July
2025-04-04 17:47:13,827 - INFO - Inserted 13982 records into the database.
2025-04-04 17:47:13,829 - INFO - Data extracted for 2024-2025, August
2025-04-04 17:48:00,055 - INFO - Inserted 13989 records into the database.
2025-04-04 17:48:00,056 - INFO - Data extracted for 2024-2025, September
2025-04-04 17:48:46,611 - INFO - Inserted 14280 records into the database.
2025-04-04 17:48:46,615 - INFO - Data extracted for 2024-2025, October
2025-04-04 17:49:33,478 - INFO - Inserted 14190 records into the database.
2025-04-04 17:49:33,480 - INFO - Data extracted for 2024-2025, November
2025-04-04 17:50:20,438 - INFO - Inserted 14124 records into the database.
2025-04-04 17:50:20,440 - INFO - Data extracted for 2024-2025, December
2025-04-04 17:51:05,812 - INFO - Inserted 14203 records into the database.
2025-04-04 17:51:05,814 - INFO - Data extracted for 2024-2025, January
2025-04-04 17:51:50,868 - INFO - Inserted 13910 records into the database.
2025-04-04 17:51:50,870 - INFO - Data extracted for 2024-2025, February
2025-04-04 17:52:01,483 - INFO - Inserted 3135 records into the database.
2025-04-04 17:52:01,484 - INFO - Data extracted for 2024-2025, March
2025-04-04 17:52:01,816 - WARNING - No data available for 2024-2025, April
2025-04-04 17:52:02,125 - WARNING - No data available for 2025-2026, May
2025-04-04 17:52:02,475 - WARNING - No data available for 2025-2026, June
2025-04-04 17:52:02,728 - WARNING - No data available for 2025-2026, July
2025-04-04 17:52:03,027 - WARNING - No data available for 2025-2026, August
2025-04-04 17:52:03,334 - WARNING - No data available for 2025-2026, September
2025-04-04 17:52:03,573 - WARNING - No data available for 2025-2026, October
2025-04-04 17:52:03,885 - WARNING - No data available for 2025-2026, November
2025-04-04 17:52:04,195 - WARNING - No data available for 2025-2026, December
2025-04-04 17:52:04,457 - WARNING - No data available for 2025-2026, January
2025-04-04 17:52:04,710 - WARNING - No data available for 2025-2026, February
2025-04-04 17:52:04,964 - WARNING - No data available for 2025-2026, March
2025-04-04 17:52:05,499 - WARNING - No data available for 2025-2026, April
2025-04-04 17:52:05,500 - INFO - Data extraction process completed.
2025-09-29 15:00:50,052 - INFO - Requesting URL: https://akanksha.edustems.com/getStudentAttendance.htm?api-key=r5fabd64-e28d-4e9b-be57-c030j589&academic_year=2022-2023&month_name=May
